2024-01-12T16:28:12.100Z 69: ✅ webContents.did-finish-load web2
2024-01-12T16:28:12.198Z 70: window.close win1
2024-01-12T16:28:12.212Z 71: webContents.destroyed web1
2024-01-12T16:28:12.213Z 72: window.closed win1
2024-01-12T18:12:19.899Z 73: window.close win2
2024-01-12T18:12:20.644Z 74: before-quit
2024-01-12T18:12:20.645Z 75: window.close win2
2024-01-12T18:12:20.658Z 76: webContents.destroyed web2
2024-01-16T19:11:32.433Z 0: 

----------------------------------------------
2024-01-16T19:11:32.447Z 1: Discord starting: {"releaseChannel":"stable","version":"0.0.38"}, modulepath: /home/omri/.config/discord/0.0.38/modules
2024-01-16T19:11:32.475Z 2: ✅ webContents.created web1 ""
2024-01-16T19:11:32.483Z 3: ✅ window.created win1 "discord"
2024-01-16T19:11:32.854Z 4: ✅ webContents.did-finish-load web1
2024-01-16T19:11:33.158Z 5: ✅ webContents.created web2 ""
2024-01-16T19:11:33.169Z 6: ✅ window.created win2 "Discord"
2024-01-16T19:11:41.642Z 7: ✅ webContents.did-finish-load web2
2024-01-16T19:11:41.743Z 8: window.close win1
2024-01-16T19:11:41.801Z 9: webContents.destroyed web1
2024-01-16T19:11:41.803Z 10: window.closed win1
2024-01-16T22:12:01.223Z 11: ✅ webContents.created web3 ""
2024-01-16T22:12:01.255Z 12: ✅ window.created win3 "Discord Popout"
2024-01-16T22:12:01.548Z 13: ✅ webContents.did-finish-load web3
2024-01-16T23:47:39.282Z 14: window.close win3
2024-01-16T23:47:39.320Z 15: webContents.destroyed web3
2024-01-16T23:47:39.333Z 16: window.closed win3
2024-01-16T23:47:43.480Z 17: window.close win2
2024-01-16T23:47:54.619Z 18: before-quit
2024-01-16T23:47:54.620Z 19: window.close win2
2024-01-16T23:47:54.827Z 20: webContents.destroyed web2
2024-01-18T18:27:34.070Z 0: 

----------------------------------------------
2024-01-18T18:27:34.095Z 1: Discord starting: {"releaseChannel":"stable","version":"0.0.38"}, modulepath: /home/omri/.config/discord/0.0.38/modules
2024-01-18T18:27:34.110Z 2: ✅ webContents.created web1 ""
2024-01-18T18:27:34.119Z 3: ✅ window.created win1 "discord"
2024-01-18T18:27:34.464Z 4: ✅ webContents.did-finish-load web1
2024-01-18T18:27:34.635Z 5: ✅ webContents.created web2 ""
2024-01-18T18:27:34.647Z 6: ✅ window.created win2 "Discord"
2024-01-18T18:27:37.211Z 7: ✅ webContents.did-finish-load web2
2024-01-18T18:27:37.311Z 8: window.close win1
2024-01-18T18:27:37.318Z 9: webContents.destroyed web1
2024-01-18T18:27:37.321Z 10: window.closed win1
2024-01-18T22:16:09.592Z 11: before-quit
2024-01-18T22:16:09.593Z 12: window.close win2
2024-01-18T22:16:09.745Z 13: webContents.destroyed web2
2024-01-18T22:16:09.787Z 14: window.closed win2
